Timing Analyzer report for nco_sin_gen
Thu Dec 20 16:14:32 2018
Quartus Prime Version 18.0.0 Build 614 04/24/2018 SJ Standard Edition


---------------------
; Table of Contents ;
---------------------
  1. Legal Notice
  2. Timing Analyzer Summary
  3. Parallel Compilation
  4. Clocks
  5. Slow 900mV 85C Model Fmax Summary
  6. Timing Closure Recommendations
  7. Slow 900mV 85C Model Setup Summary
  8. Slow 900mV 85C Model Hold Summary
  9. Slow 900mV 85C Model Recovery Summary
 10. Slow 900mV 85C Model Removal Summary
 11. Slow 900mV 85C Model Minimum Pulse Width Summary
 12. Slow 900mV 85C Model Metastability Summary
 13. Slow 900mV 0C Model Fmax Summary
 14. Slow 900mV 0C Model Setup Summary
 15. Slow 900mV 0C Model Hold Summary
 16. Slow 900mV 0C Model Recovery Summary
 17. Slow 900mV 0C Model Removal Summary
 18. Slow 900mV 0C Model Minimum Pulse Width Summary
 19. Slow 900mV 0C Model Metastability Summary
 20. Fast 900mV 0C Model Setup Summary
 21. Fast 900mV 0C Model Hold Summary
 22. Fast 900mV 0C Model Recovery Summary
 23. Fast 900mV 0C Model Removal Summary
 24. Fast 900mV 0C Model Minimum Pulse Width Summary
 25. Fast 900mV 0C Model Metastability Summary
 26. Multicorner Timing Analysis Summary
 27. Board Trace Model Assignments
 28. Input Transition Times
 29. Signal Integrity Metrics (Slow 900mv 0c Model)
 30. Signal Integrity Metrics (Slow 900mv 85c Model)
 31. Signal Integrity Metrics (Fast 900mv 0c Model)
 32. Setup Transfers
 33. Hold Transfers
 34. Report TCCS
 35. Report RSKM
 36. Unconstrained Paths Summary
 37. Clock Status Summary
 38. Unconstrained Input Ports
 39. Unconstrained Output Ports
 40. Unconstrained Input Ports
 41. Unconstrained Output Ports
 42. Timing Analyzer Messages



----------------
; Legal Notice ;
----------------
Copyright (C) 2018  Intel Corporation. All rights reserved.
Your use of Intel Corporation's design tools, logic functions 
and other software and tools, and its AMPP partner logic 
functions, and any output files from any of the foregoing 
(including device programming or simulation files), and any 
associated documentation or information are expressly subject 
to the terms and conditions of the Intel Program License 
Subscription Agreement, the Intel Quartus Prime License Agreement,
the Intel FPGA IP License Agreement, or other applicable license
agreement, including, without limitation, that your use is for
the sole purpose of programming logic devices manufactured by
Intel and sold by Intel or its authorized distributors.  Please
refer to the applicable agreement for further details.



+---------------------------------------------------------------------------------+
; Timing Analyzer Summary                                                         ;
+-----------------------+---------------------------------------------------------+
; Quartus Prime Version ; Version 18.0.0 Build 614 04/24/2018 SJ Standard Edition ;
; Timing Analyzer       ; Legacy Timing Analyzer                                  ;
; Revision Name         ; nco_sin_gen                                             ;
; Device Family         ; Stratix IV                                              ;
; Device Name           ; EP4SGX230KF40C2                                         ;
; Timing Models         ; Final                                                   ;
; Delay Model           ; Combined                                                ;
; Rise/Fall Delays      ; Enabled                                                 ;
+-----------------------+---------------------------------------------------------+


+------------------------------------------+
; Parallel Compilation                     ;
+----------------------------+-------------+
; Processors                 ; Number      ;
+----------------------------+-------------+
; Number detected on machine ; 4           ;
; Maximum allowed            ; 2           ;
;                            ;             ;
; Average used               ; 1.01        ;
; Maximum used               ; 2           ;
;                            ;             ;
; Usage by Processor         ; % Time Used ;
;     Processor 1            ; 100.0%      ;
;     Processor 2            ;   1.0%      ;
+----------------------------+-------------+


+------------------------------------------------------------------------------------------------------------------------------------------------------------------------------------------------------------------------------------------------------------------------------------------------------------------------------------------+
; Clocks                                                                                                                                                                                                                                                                                                                                   ;
+---------------------------------------------------------+-----------+--------+-----------+-------+--------+------------+-----------+-------------+-------+--------+-----------+------------+----------+--------+-----------------------------------------------------------+-------------------------------------------------------------+
; Clock Name                                              ; Type      ; Period ; Frequency ; Rise  ; Fall   ; Duty Cycle ; Divide by ; Multiply by ; Phase ; Offset ; Edge List ; Edge Shift ; Inverted ; Master ; Source                                                    ; Targets                                                     ;
+---------------------------------------------------------+-----------+--------+-----------+-------+--------+------------+-----------+-------------+-------+--------+-----------+------------+----------+--------+-----------------------------------------------------------+-------------------------------------------------------------+
; i_clk                                                   ; Base      ; 20.000 ; 50.0 MHz  ; 0.000 ; 10.000 ;            ;           ;             ;       ;        ;           ;            ;          ;        ;                                                           ; { i_clk }                                                   ;
; my_pll_inst|altpll_component|auto_generated|pll1|clk[0] ; Generated ; 5.000  ; 200.0 MHz ; 0.000 ; 2.500  ; 50.00      ; 1         ; 4           ;       ;        ;           ;            ; false    ; i_clk  ; my_pll_inst|altpll_component|auto_generated|pll1|inclk[0] ; { my_pll_inst|altpll_component|auto_generated|pll1|clk[0] } ;
+---------------------------------------------------------+-----------+--------+-----------+-------+--------+------------+-----------+-------------+-------+--------+-----------+------------+----------+--------+-----------------------------------------------------------+-------------------------------------------------------------+


+-----------------------------------------------------------------------------------------------+
; Slow 900mV 85C Model Fmax Summary                                                             ;
+------------+-----------------+---------------------------------------------------------+------+
; Fmax       ; Restricted Fmax ; Clock Name                                              ; Note ;
+------------+-----------------+---------------------------------------------------------+------+
; 250.38 MHz ; 250.38 MHz      ; my_pll_inst|altpll_component|auto_generated|pll1|clk[0] ;      ;
+------------+-----------------+---------------------------------------------------------+------+
This panel reports FMAX for every clock in the design, regardless of the user-specified clock periods.  FMAX is only computed for paths where the source and destination registers or ports are driven by the same clock.  Paths of different clocks, including generated clocks, are ignored.  For paths between a clock and its inversion, FMAX is computed as if the rising and falling edges are scaled along with FMAX, such that the duty cycle (in terms of a percentage) is maintained. Altera recommends that you always use clock constraints and other slack reports for sign-off analysis.


----------------------------------
; Timing Closure Recommendations ;
----------------------------------
HTML report is unavailable in plain text report export.


+---------------------------------------------------------------------------------+
; Slow 900mV 85C Model Setup Summary                                              ;
+---------------------------------------------------------+-------+---------------+
; Clock                                                   ; Slack ; End Point TNS ;
+---------------------------------------------------------+-------+---------------+
; my_pll_inst|altpll_component|auto_generated|pll1|clk[0] ; 1.006 ; 0.000         ;
+---------------------------------------------------------+-------+---------------+


+---------------------------------------------------------------------------------+
; Slow 900mV 85C Model Hold Summary                                               ;
+---------------------------------------------------------+-------+---------------+
; Clock                                                   ; Slack ; End Point TNS ;
+---------------------------------------------------------+-------+---------------+
; my_pll_inst|altpll_component|auto_generated|pll1|clk[0] ; 0.319 ; 0.000         ;
+---------------------------------------------------------+-------+---------------+


-----------------------------------------
; Slow 900mV 85C Model Recovery Summary ;
-----------------------------------------
No paths to report.


----------------------------------------
; Slow 900mV 85C Model Removal Summary ;
----------------------------------------
No paths to report.


+---------------------------------------------------------------------------------+
; Slow 900mV 85C Model Minimum Pulse Width Summary                                ;
+---------------------------------------------------------+-------+---------------+
; Clock                                                   ; Slack ; End Point TNS ;
+---------------------------------------------------------+-------+---------------+
; my_pll_inst|altpll_component|auto_generated|pll1|clk[0] ; 1.804 ; 0.000         ;
; i_clk                                                   ; 9.959 ; 0.000         ;
+---------------------------------------------------------+-------+---------------+


----------------------------------------------
; Slow 900mV 85C Model Metastability Summary ;
----------------------------------------------
No synchronizer chains to report.


+-----------------------------------------------------------------------------------------------+
; Slow 900mV 0C Model Fmax Summary                                                              ;
+------------+-----------------+---------------------------------------------------------+------+
; Fmax       ; Restricted Fmax ; Clock Name                                              ; Note ;
+------------+-----------------+---------------------------------------------------------+------+
; 259.54 MHz ; 259.54 MHz      ; my_pll_inst|altpll_component|auto_generated|pll1|clk[0] ;      ;
+------------+-----------------+---------------------------------------------------------+------+
This panel reports FMAX for every clock in the design, regardless of the user-specified clock periods.  FMAX is only computed for paths where the source and destination registers or ports are driven by the same clock.  Paths of different clocks, including generated clocks, are ignored.  For paths between a clock and its inversion, FMAX is computed as if the rising and falling edges are scaled along with FMAX, such that the duty cycle (in terms of a percentage) is maintained. Altera recommends that you always use clock constraints and other slack reports for sign-off analysis.


+---------------------------------------------------------------------------------+
; Slow 900mV 0C Model Setup Summary                                               ;
+---------------------------------------------------------+-------+---------------+
; Clock                                                   ; Slack ; End Point TNS ;
+---------------------------------------------------------+-------+---------------+
; my_pll_inst|altpll_component|auto_generated|pll1|clk[0] ; 1.147 ; 0.000         ;
+---------------------------------------------------------+-------+---------------+


+---------------------------------------------------------------------------------+
; Slow 900mV 0C Model Hold Summary                                                ;
+---------------------------------------------------------+-------+---------------+
; Clock                                                   ; Slack ; End Point TNS ;
+---------------------------------------------------------+-------+---------------+
; my_pll_inst|altpll_component|auto_generated|pll1|clk[0] ; 0.308 ; 0.000         ;
+---------------------------------------------------------+-------+---------------+


----------------------------------------
; Slow 900mV 0C Model Recovery Summary ;
----------------------------------------
No paths to report.


---------------------------------------
; Slow 900mV 0C Model Removal Summary ;
---------------------------------------
No paths to report.


+---------------------------------------------------------------------------------+
; Slow 900mV 0C Model Minimum Pulse Width Summary                                 ;
+---------------------------------------------------------+-------+---------------+
; Clock                                                   ; Slack ; End Point TNS ;
+---------------------------------------------------------+-------+---------------+
; my_pll_inst|altpll_component|auto_generated|pll1|clk[0] ; 1.819 ; 0.000         ;
; i_clk                                                   ; 9.979 ; 0.000         ;
+---------------------------------------------------------+-------+---------------+


---------------------------------------------
; Slow 900mV 0C Model Metastability Summary ;
---------------------------------------------
No synchronizer chains to report.


+---------------------------------------------------------------------------------+
; Fast 900mV 0C Model Setup Summary                                               ;
+---------------------------------------------------------+-------+---------------+
; Clock                                                   ; Slack ; End Point TNS ;
+---------------------------------------------------------+-------+---------------+
; my_pll_inst|altpll_component|auto_generated|pll1|clk[0] ; 2.563 ; 0.000         ;
+---------------------------------------------------------+-------+---------------+


+---------------------------------------------------------------------------------+
; Fast 900mV 0C Model Hold Summary                                                ;
+---------------------------------------------------------+-------+---------------+
; Clock                                                   ; Slack ; End Point TNS ;
+---------------------------------------------------------+-------+---------------+
; my_pll_inst|altpll_component|auto_generated|pll1|clk[0] ; 0.180 ; 0.000         ;
+---------------------------------------------------------+-------+---------------+


----------------------------------------
; Fast 900mV 0C Model Recovery Summary ;
----------------------------------------
No paths to report.


---------------------------------------
; Fast 900mV 0C Model Removal Summary ;
---------------------------------------
No paths to report.


+---------------------------------------------------------------------------------+
; Fast 900mV 0C Model Minimum Pulse Width Summary                                 ;
+---------------------------------------------------------+-------+---------------+
; Clock                                                   ; Slack ; End Point TNS ;
+---------------------------------------------------------+-------+---------------+
; my_pll_inst|altpll_component|auto_generated|pll1|clk[0] ; 1.792 ; 0.000         ;
; i_clk                                                   ; 9.698 ; 0.000         ;
+---------------------------------------------------------+-------+---------------+


---------------------------------------------
; Fast 900mV 0C Model Metastability Summary ;
---------------------------------------------
No synchronizer chains to report.


+---------------------------------------------------------------------------------------------------------------------+
; Multicorner Timing Analysis Summary                                                                                 ;
+----------------------------------------------------------+-------+-------+----------+---------+---------------------+
; Clock                                                    ; Setup ; Hold  ; Recovery ; Removal ; Minimum Pulse Width ;
+----------------------------------------------------------+-------+-------+----------+---------+---------------------+
; Worst-case Slack                                         ; 1.006 ; 0.180 ; N/A      ; N/A     ; 1.792               ;
;  i_clk                                                   ; N/A   ; N/A   ; N/A      ; N/A     ; 9.698               ;
;  my_pll_inst|altpll_component|auto_generated|pll1|clk[0] ; 1.006 ; 0.180 ; N/A      ; N/A     ; 1.792               ;
; Design-wide TNS                                          ; 0.0   ; 0.0   ; 0.0      ; 0.0     ; 0.0                 ;
;  i_clk                                                   ; N/A   ; N/A   ; N/A      ; N/A     ; 0.000               ;
;  my_pll_inst|altpll_component|auto_generated|pll1|clk[0] ; 0.000 ; 0.000 ; N/A      ; N/A     ; 0.000               ;
+----------------------------------------------------------+-------+-------+----------+---------+---------------------+


+--------------------------------------------------------------------------------------------------------------------------------------------------------------------------------------------------------------------------------------------------------------------------------------------------------------------------------------------------------------------------------------------------------------------+
; Board Trace Model Assignments                                                                                                                                                                                                                                                                                                                                                                                      ;
+-----------------+--------------+-------------------+-------------------------+-------------------------+---------------+---------------------+----------------+------------------+--------+------------------+------------------------+------------------------+--------------+---------------+-----------------+-------+---------------------+--------------------+---------------+-----------------+-------------+
; Pin             ; I/O Standard ; Near Tline Length ; Near Tline L per Length ; Near Tline C per Length ; Near Series R ; Near Differential R ; Near Pull-up R ; Near Pull-down R ; Near C ; Far Tline Length ; Far Tline L per Length ; Far Tline C per Length ; Far Series R ; Far Pull-up R ; Far Pull-down R ; Far C ; Termination Voltage ; Far Differential R ; EBD File Name ; EBD Signal Name ; EBD Far-end ;
+-----------------+--------------+-------------------+-------------------------+-------------------------+---------------+---------------------+----------------+------------------+--------+------------------+------------------------+------------------------+--------------+---------------+-----------------+-------+---------------------+--------------------+---------------+-----------------+-------------+
; i_clk_to_dac    ; LVDS         ; 0 in              ; 0 H/in                  ; 0 F/in                  ; short         ; open                ; open           ; open             ; open   ; 0 in             ; 0 H/in                 ; 0 F/in                 ; short        ; open          ; open            ; open  ; 0 V                 ; 100 Ohm            ; n/a           ; n/a             ; n/a         ;
; dac_in[0]       ; 2.5 V        ; 0 in              ; 0 H/in                  ; 0 F/in                  ; short         ; -                   ; open           ; open             ; open   ; 0 in             ; 0 H/in                 ; 0 F/in                 ; short        ; open          ; open            ; open  ; 0 V                 ; -                  ; n/a           ; n/a             ; n/a         ;
; dac_in[1]       ; 2.5 V        ; 0 in              ; 0 H/in                  ; 0 F/in                  ; short         ; -                   ; open           ; open             ; open   ; 0 in             ; 0 H/in                 ; 0 F/in                 ; short        ; open          ; open            ; open  ; 0 V                 ; -                  ; n/a           ; n/a             ; n/a         ;
; dac_in[2]       ; 2.5 V        ; 0 in              ; 0 H/in                  ; 0 F/in                  ; short         ; -                   ; open           ; open             ; open   ; 0 in             ; 0 H/in                 ; 0 F/in                 ; short        ; open          ; open            ; open  ; 0 V                 ; -                  ; n/a           ; n/a             ; n/a         ;
; dac_in[3]       ; 2.5 V        ; 0 in              ; 0 H/in                  ; 0 F/in                  ; short         ; -                   ; open           ; open             ; open   ; 0 in             ; 0 H/in                 ; 0 F/in                 ; short        ; open          ; open            ; open  ; 0 V                 ; -                  ; n/a           ; n/a             ; n/a         ;
; dac_in[4]       ; 2.5 V        ; 0 in              ; 0 H/in                  ; 0 F/in                  ; short         ; -                   ; open           ; open             ; open   ; 0 in             ; 0 H/in                 ; 0 F/in                 ; short        ; open          ; open            ; open  ; 0 V                 ; -                  ; n/a           ; n/a             ; n/a         ;
; dac_in[5]       ; 2.5 V        ; 0 in              ; 0 H/in                  ; 0 F/in                  ; short         ; -                   ; open           ; open             ; open   ; 0 in             ; 0 H/in                 ; 0 F/in                 ; short        ; open          ; open            ; open  ; 0 V                 ; -                  ; n/a           ; n/a             ; n/a         ;
; dac_in[6]       ; 2.5 V        ; 0 in              ; 0 H/in                  ; 0 F/in                  ; short         ; -                   ; open           ; open             ; open   ; 0 in             ; 0 H/in                 ; 0 F/in                 ; short        ; open          ; open            ; open  ; 0 V                 ; -                  ; n/a           ; n/a             ; n/a         ;
; dac_in[7]       ; 2.5 V        ; 0 in              ; 0 H/in                  ; 0 F/in                  ; short         ; -                   ; open           ; open             ; open   ; 0 in             ; 0 H/in                 ; 0 F/in                 ; short        ; open          ; open            ; open  ; 0 V                 ; -                  ; n/a           ; n/a             ; n/a         ;
; dac_in[8]       ; 2.5 V        ; 0 in              ; 0 H/in                  ; 0 F/in                  ; short         ; -                   ; open           ; open             ; open   ; 0 in             ; 0 H/in                 ; 0 F/in                 ; short        ; open          ; open            ; open  ; 0 V                 ; -                  ; n/a           ; n/a             ; n/a         ;
; dac_in[9]       ; 2.5 V        ; 0 in              ; 0 H/in                  ; 0 F/in                  ; short         ; -                   ; open           ; open             ; open   ; 0 in             ; 0 H/in                 ; 0 F/in                 ; short        ; open          ; open            ; open  ; 0 V                 ; -                  ; n/a           ; n/a             ; n/a         ;
; dac_in[10]      ; 2.5 V        ; 0 in              ; 0 H/in                  ; 0 F/in                  ; short         ; -                   ; open           ; open             ; open   ; 0 in             ; 0 H/in                 ; 0 F/in                 ; short        ; open          ; open            ; open  ; 0 V                 ; -                  ; n/a           ; n/a             ; n/a         ;
; dac_in[11]      ; 2.5 V        ; 0 in              ; 0 H/in                  ; 0 F/in                  ; short         ; -                   ; open           ; open             ; open   ; 0 in             ; 0 H/in                 ; 0 F/in                 ; short        ; open          ; open            ; open  ; 0 V                 ; -                  ; n/a           ; n/a             ; n/a         ;
; dac_in[12]      ; 2.5 V        ; 0 in              ; 0 H/in                  ; 0 F/in                  ; short         ; -                   ; open           ; open             ; open   ; 0 in             ; 0 H/in                 ; 0 F/in                 ; short        ; open          ; open            ; open  ; 0 V                 ; -                  ; n/a           ; n/a             ; n/a         ;
; dac_in[13]      ; 2.5 V        ; 0 in              ; 0 H/in                  ; 0 F/in                  ; short         ; -                   ; open           ; open             ; open   ; 0 in             ; 0 H/in                 ; 0 F/in                 ; short        ; open          ; open            ; open  ; 0 V                 ; -                  ; n/a           ; n/a             ; n/a         ;
; i_clk_to_dac(n) ; LVDS         ; 0 in              ; 0 H/in                  ; 0 F/in                  ; short         ; open                ; open           ; open             ; open   ; 0 in             ; 0 H/in                 ; 0 F/in                 ; short        ; open          ; open            ; open  ; 0 V                 ; 100 Ohm            ; n/a           ; n/a             ; n/a         ;
+-----------------+--------------+-------------------+-------------------------+-------------------------+---------------+---------------------+----------------+------------------+--------+------------------+------------------------+------------------------+--------------+---------------+-----------------+-------+---------------------+--------------------+---------------+-----------------+-------------+


+-------------------------------------------------------------------+
; Input Transition Times                                            ;
+----------------+--------------+-----------------+-----------------+
; Pin            ; I/O Standard ; 10-90 Rise Time ; 90-10 Fall Time ;
+----------------+--------------+-----------------+-----------------+
; i_clk          ; 2.5 V        ; 2000 ps         ; 2000 ps         ;
; sw[3]          ; 2.5 V        ; 2000 ps         ; 2000 ps         ;
; sw[2]          ; 2.5 V        ; 2000 ps         ; 2000 ps         ;
; sw[1]          ; 2.5 V        ; 2000 ps         ; 2000 ps         ;
; sw[0]          ; 2.5 V        ; 2000 ps         ; 2000 ps         ;
; ~ALTERA_DATA0~ ; 1.8 V        ; 1440 ps         ; 1440 ps         ;
+----------------+--------------+-----------------+-----------------+


+----------------------------------------------------------------------------------------------------------------------------------------------------------------------------------------------------------------------------------------------------------------------------------------------------------------------------------------------------------------------------------------------------------------------------------------------------------------------------------------------------------------------------------------------------------------------------------------------------------------------------------------------------------------------------------------------+
; Signal Integrity Metrics (Slow 900mv 0c Model)                                                                                                                                                                                                                                                                                                                                                                                                                                                                                                                                                                                                                                               ;
+-----------------+--------------+---------------------+---------------------+------------------------------+------------------------------+---------------------+---------------------+--------------------------------------+--------------------------------------+-----------------------------+-----------------------------+----------------------------+----------------------------+-----------------------------+-----------------------------+--------------------+--------------------+-------------------------------------+-------------------------------------+----------------------------+----------------------------+---------------------------+---------------------------+
; Pin             ; I/O Standard ; Board Delay on Rise ; Board Delay on Fall ; Steady State Voh at FPGA Pin ; Steady State Vol at FPGA Pin ; Voh Max at FPGA Pin ; Vol Min at FPGA Pin ; Ringback Voltage on Rise at FPGA Pin ; Ringback Voltage on Fall at FPGA Pin ; 10-90 Rise Time at FPGA Pin ; 90-10 Fall Time at FPGA Pin ; Monotonic Rise at FPGA Pin ; Monotonic Fall at FPGA Pin ; Steady State Voh at Far-end ; Steady State Vol at Far-end ; Voh Max at Far-end ; Vol Min at Far-end ; Ringback Voltage on Rise at Far-end ; Ringback Voltage on Fall at Far-end ; 10-90 Rise Time at Far-end ; 90-10 Fall Time at Far-end ; Monotonic Rise at Far-end ; Monotonic Fall at Far-end ;
+-----------------+--------------+---------------------+---------------------+------------------------------+------------------------------+---------------------+---------------------+--------------------------------------+--------------------------------------+-----------------------------+-----------------------------+----------------------------+----------------------------+-----------------------------+-----------------------------+--------------------+--------------------+-------------------------------------+-------------------------------------+----------------------------+----------------------------+---------------------------+---------------------------+
; i_clk_to_dac    ; LVDS         ; 0 s                 ; 0 s                 ; 0.37 V                       ; -0.37 V                      ; -                   ; -                   ; -                                    ; -                                    ; 7.32e-11 s                  ; 7.28e-11 s                  ; Yes                        ; Yes                        ; 0.37 V                      ; -0.37 V                     ; -                  ; -                  ; -                                   ; -                                   ; 7.32e-11 s                 ; 7.28e-11 s                 ; Yes                       ; Yes                       ;
; dac_in[0]       ; 2.5 V        ; 0 s                 ; 0 s                 ; 2.32 V                       ; 1.38e-07 V                   ; 2.34 V              ; -0.00912 V          ; 0.147 V                              ; 0.081 V                              ; 5.97e-10 s                  ; 5.07e-10 s                  ; No                         ; Yes                        ; 2.32 V                      ; 1.38e-07 V                  ; 2.34 V             ; -0.00912 V         ; 0.147 V                             ; 0.081 V                             ; 5.97e-10 s                 ; 5.07e-10 s                 ; No                        ; Yes                       ;
; dac_in[1]       ; 2.5 V        ; 0 s                 ; 0 s                 ; 2.32 V                       ; 1.38e-07 V                   ; 2.34 V              ; -0.00912 V          ; 0.147 V                              ; 0.081 V                              ; 5.97e-10 s                  ; 5.07e-10 s                  ; No                         ; Yes                        ; 2.32 V                      ; 1.38e-07 V                  ; 2.34 V             ; -0.00912 V         ; 0.147 V                             ; 0.081 V                             ; 5.97e-10 s                 ; 5.07e-10 s                 ; No                        ; Yes                       ;
; dac_in[2]       ; 2.5 V        ; 0 s                 ; 0 s                 ; 2.32 V                       ; 1.38e-07 V                   ; 2.34 V              ; -0.00912 V          ; 0.147 V                              ; 0.081 V                              ; 5.97e-10 s                  ; 5.07e-10 s                  ; No                         ; Yes                        ; 2.32 V                      ; 1.38e-07 V                  ; 2.34 V             ; -0.00912 V         ; 0.147 V                             ; 0.081 V                             ; 5.97e-10 s                 ; 5.07e-10 s                 ; No                        ; Yes                       ;
; dac_in[3]       ; 2.5 V        ; 0 s                 ; 0 s                 ; 2.32 V                       ; 1.38e-07 V                   ; 2.34 V              ; -0.00912 V          ; 0.147 V                              ; 0.081 V                              ; 5.97e-10 s                  ; 5.07e-10 s                  ; No                         ; Yes                        ; 2.32 V                      ; 1.38e-07 V                  ; 2.34 V             ; -0.00912 V         ; 0.147 V                             ; 0.081 V                             ; 5.97e-10 s                 ; 5.07e-10 s                 ; No                        ; Yes                       ;
; dac_in[4]       ; 2.5 V        ; 0 s                 ; 0 s                 ; 2.32 V                       ; 1.38e-07 V                   ; 2.34 V              ; -0.00912 V          ; 0.147 V                              ; 0.081 V                              ; 5.97e-10 s                  ; 5.07e-10 s                  ; No                         ; Yes                        ; 2.32 V                      ; 1.38e-07 V                  ; 2.34 V             ; -0.00912 V         ; 0.147 V                             ; 0.081 V                             ; 5.97e-10 s                 ; 5.07e-10 s                 ; No                        ; Yes                       ;
; dac_in[5]       ; 2.5 V        ; 0 s                 ; 0 s                 ; 2.32 V                       ; 1.38e-07 V                   ; 2.34 V              ; -0.00912 V          ; 0.147 V                              ; 0.081 V                              ; 5.97e-10 s                  ; 5.07e-10 s                  ; No                         ; Yes                        ; 2.32 V                      ; 1.38e-07 V                  ; 2.34 V             ; -0.00912 V         ; 0.147 V                             ; 0.081 V                             ; 5.97e-10 s                 ; 5.07e-10 s                 ; No                        ; Yes                       ;
; dac_in[6]       ; 2.5 V        ; 0 s                 ; 0 s                 ; 2.32 V                       ; 1.38e-07 V                   ; 2.34 V              ; -0.00912 V          ; 0.147 V                              ; 0.081 V                              ; 5.97e-10 s                  ; 5.07e-10 s                  ; No                         ; Yes                        ; 2.32 V                      ; 1.38e-07 V                  ; 2.34 V             ; -0.00912 V         ; 0.147 V                             ; 0.081 V                             ; 5.97e-10 s                 ; 5.07e-10 s                 ; No                        ; Yes                       ;
; dac_in[7]       ; 2.5 V        ; 0 s                 ; 0 s                 ; 2.32 V                       ; 1.38e-07 V                   ; 2.34 V              ; -0.00912 V          ; 0.147 V                              ; 0.081 V                              ; 5.97e-10 s                  ; 5.07e-10 s                  ; No                         ; Yes                        ; 2.32 V                      ; 1.38e-07 V                  ; 2.34 V             ; -0.00912 V         ; 0.147 V                             ; 0.081 V                             ; 5.97e-10 s                 ; 5.07e-10 s                 ; No                        ; Yes                       ;
; dac_in[8]       ; 2.5 V        ; 0 s                 ; 0 s                 ; 2.32 V                       ; 1.38e-07 V                   ; 2.34 V              ; -0.00912 V          ; 0.147 V                              ; 0.081 V                              ; 5.97e-10 s                  ; 5.07e-10 s                  ; No                         ; Yes                        ; 2.32 V                      ; 1.38e-07 V                  ; 2.34 V             ; -0.00912 V         ; 0.147 V                             ; 0.081 V                             ; 5.97e-10 s                 ; 5.07e-10 s                 ; No                        ; Yes                       ;
; dac_in[9]       ; 2.5 V        ; 0 s                 ; 0 s                 ; 2.32 V                       ; 1.38e-07 V                   ; 2.34 V              ; -0.00912 V          ; 0.147 V                              ; 0.081 V                              ; 5.97e-10 s                  ; 5.07e-10 s                  ; No                         ; Yes                        ; 2.32 V                      ; 1.38e-07 V                  ; 2.34 V             ; -0.00912 V         ; 0.147 V                             ; 0.081 V                             ; 5.97e-10 s                 ; 5.07e-10 s                 ; No                        ; Yes                       ;
; dac_in[10]      ; 2.5 V        ; 0 s                 ; 0 s                 ; 2.32 V                       ; 1.38e-07 V                   ; 2.34 V              ; -0.00912 V          ; 0.147 V                              ; 0.081 V                              ; 5.97e-10 s                  ; 5.07e-10 s                  ; No                         ; Yes                        ; 2.32 V                      ; 1.38e-07 V                  ; 2.34 V             ; -0.00912 V         ; 0.147 V                             ; 0.081 V                             ; 5.97e-10 s                 ; 5.07e-10 s                 ; No                        ; Yes                       ;
; dac_in[11]      ; 2.5 V        ; 0 s                 ; 0 s                 ; 2.32 V                       ; 1.38e-07 V                   ; 2.34 V              ; -0.00912 V          ; 0.147 V                              ; 0.081 V                              ; 5.97e-10 s                  ; 5.07e-10 s                  ; No                         ; Yes                        ; 2.32 V                      ; 1.38e-07 V                  ; 2.34 V             ; -0.00912 V         ; 0.147 V                             ; 0.081 V                             ; 5.97e-10 s                 ; 5.07e-10 s                 ; No                        ; Yes                       ;
; dac_in[12]      ; 2.5 V        ; 0 s                 ; 0 s                 ; 2.32 V                       ; 1.38e-07 V                   ; 2.34 V              ; -0.00912 V          ; 0.147 V                              ; 0.081 V                              ; 5.97e-10 s                  ; 5.07e-10 s                  ; No                         ; Yes                        ; 2.32 V                      ; 1.38e-07 V                  ; 2.34 V             ; -0.00912 V         ; 0.147 V                             ; 0.081 V                             ; 5.97e-10 s                 ; 5.07e-10 s                 ; No                        ; Yes                       ;
; dac_in[13]      ; 2.5 V        ; 0 s                 ; 0 s                 ; 2.32 V                       ; 1.38e-07 V                   ; 2.34 V              ; -0.00912 V          ; 0.147 V                              ; 0.081 V                              ; 5.97e-10 s                  ; 5.07e-10 s                  ; No                         ; Yes                        ; 2.32 V                      ; 1.38e-07 V                  ; 2.34 V             ; -0.00912 V         ; 0.147 V                             ; 0.081 V                             ; 5.97e-10 s                 ; 5.07e-10 s                 ; No                        ; Yes                       ;
; i_clk_to_dac(n) ; LVDS         ; 0 s                 ; 0 s                 ; 0.37 V                       ; -0.37 V                      ; -                   ; -                   ; -                                    ; -                                    ; 7.32e-11 s                  ; 7.28e-11 s                  ; Yes                        ; Yes                        ; 0.37 V                      ; -0.37 V                     ; -                  ; -                  ; -                                   ; -                                   ; 7.32e-11 s                 ; 7.28e-11 s                 ; Yes                       ; Yes                       ;
+-----------------+--------------+---------------------+---------------------+------------------------------+------------------------------+---------------------+---------------------+--------------------------------------+--------------------------------------+-----------------------------+-----------------------------+----------------------------+----------------------------+-----------------------------+-----------------------------+--------------------+--------------------+-------------------------------------+-------------------------------------+----------------------------+----------------------------+---------------------------+---------------------------+


+----------------------------------------------------------------------------------------------------------------------------------------------------------------------------------------------------------------------------------------------------------------------------------------------------------------------------------------------------------------------------------------------------------------------------------------------------------------------------------------------------------------------------------------------------------------------------------------------------------------------------------------------------------------------------------------------+
; Signal Integrity Metrics (Slow 900mv 85c Model)                                                                                                                                                                                                                                                                                                                                                                                                                                                                                                                                                                                                                                              ;
+-----------------+--------------+---------------------+---------------------+------------------------------+------------------------------+---------------------+---------------------+--------------------------------------+--------------------------------------+-----------------------------+-----------------------------+----------------------------+----------------------------+-----------------------------+-----------------------------+--------------------+--------------------+-------------------------------------+-------------------------------------+----------------------------+----------------------------+---------------------------+---------------------------+
; Pin             ; I/O Standard ; Board Delay on Rise ; Board Delay on Fall ; Steady State Voh at FPGA Pin ; Steady State Vol at FPGA Pin ; Voh Max at FPGA Pin ; Vol Min at FPGA Pin ; Ringback Voltage on Rise at FPGA Pin ; Ringback Voltage on Fall at FPGA Pin ; 10-90 Rise Time at FPGA Pin ; 90-10 Fall Time at FPGA Pin ; Monotonic Rise at FPGA Pin ; Monotonic Fall at FPGA Pin ; Steady State Voh at Far-end ; Steady State Vol at Far-end ; Voh Max at Far-end ; Vol Min at Far-end ; Ringback Voltage on Rise at Far-end ; Ringback Voltage on Fall at Far-end ; 10-90 Rise Time at Far-end ; 90-10 Fall Time at Far-end ; Monotonic Rise at Far-end ; Monotonic Fall at Far-end ;
+-----------------+--------------+---------------------+---------------------+------------------------------+------------------------------+---------------------+---------------------+--------------------------------------+--------------------------------------+-----------------------------+-----------------------------+----------------------------+----------------------------+-----------------------------+-----------------------------+--------------------+--------------------+-------------------------------------+-------------------------------------+----------------------------+----------------------------+---------------------------+---------------------------+
; i_clk_to_dac    ; LVDS         ; 0 s                 ; 0 s                 ; 0.362 V                      ; -0.362 V                     ; -                   ; -                   ; -                                    ; -                                    ; 8.95e-11 s                  ; 8.9e-11 s                   ; Yes                        ; Yes                        ; 0.362 V                     ; -0.362 V                    ; -                  ; -                  ; -                                   ; -                                   ; 8.95e-11 s                 ; 8.9e-11 s                  ; Yes                       ; Yes                       ;
; dac_in[0]       ; 2.5 V        ; 0 s                 ; 0 s                 ; 2.32 V                       ; 1.47e-05 V                   ; 2.34 V              ; -0.00486 V          ; 0.217 V                              ; 0.049 V                              ; 6.37e-10 s                  ; 6.23e-10 s                  ; Yes                        ; Yes                        ; 2.32 V                      ; 1.47e-05 V                  ; 2.34 V             ; -0.00486 V         ; 0.217 V                             ; 0.049 V                             ; 6.37e-10 s                 ; 6.23e-10 s                 ; Yes                       ; Yes                       ;
; dac_in[1]       ; 2.5 V        ; 0 s                 ; 0 s                 ; 2.32 V                       ; 1.47e-05 V                   ; 2.34 V              ; -0.00486 V          ; 0.217 V                              ; 0.049 V                              ; 6.37e-10 s                  ; 6.23e-10 s                  ; Yes                        ; Yes                        ; 2.32 V                      ; 1.47e-05 V                  ; 2.34 V             ; -0.00486 V         ; 0.217 V                             ; 0.049 V                             ; 6.37e-10 s                 ; 6.23e-10 s                 ; Yes                       ; Yes                       ;
; dac_in[2]       ; 2.5 V        ; 0 s                 ; 0 s                 ; 2.32 V                       ; 1.47e-05 V                   ; 2.34 V              ; -0.00486 V          ; 0.217 V                              ; 0.049 V                              ; 6.37e-10 s                  ; 6.23e-10 s                  ; Yes                        ; Yes                        ; 2.32 V                      ; 1.47e-05 V                  ; 2.34 V             ; -0.00486 V         ; 0.217 V                             ; 0.049 V                             ; 6.37e-10 s                 ; 6.23e-10 s                 ; Yes                       ; Yes                       ;
; dac_in[3]       ; 2.5 V        ; 0 s                 ; 0 s                 ; 2.32 V                       ; 1.47e-05 V                   ; 2.34 V              ; -0.00486 V          ; 0.217 V                              ; 0.049 V                              ; 6.37e-10 s                  ; 6.23e-10 s                  ; Yes                        ; Yes                        ; 2.32 V                      ; 1.47e-05 V                  ; 2.34 V             ; -0.00486 V         ; 0.217 V                             ; 0.049 V                             ; 6.37e-10 s                 ; 6.23e-10 s                 ; Yes                       ; Yes                       ;
; dac_in[4]       ; 2.5 V        ; 0 s                 ; 0 s                 ; 2.32 V                       ; 1.47e-05 V                   ; 2.34 V              ; -0.00486 V          ; 0.217 V                              ; 0.049 V                              ; 6.37e-10 s                  ; 6.23e-10 s                  ; Yes                        ; Yes                        ; 2.32 V                      ; 1.47e-05 V                  ; 2.34 V             ; -0.00486 V         ; 0.217 V                             ; 0.049 V                             ; 6.37e-10 s                 ; 6.23e-10 s                 ; Yes                       ; Yes                       ;
; dac_in[5]       ; 2.5 V        ; 0 s                 ; 0 s                 ; 2.32 V                       ; 1.47e-05 V                   ; 2.34 V              ; -0.00486 V          ; 0.217 V                              ; 0.049 V                              ; 6.37e-10 s                  ; 6.23e-10 s                  ; Yes                        ; Yes                        ; 2.32 V                      ; 1.47e-05 V                  ; 2.34 V             ; -0.00486 V         ; 0.217 V                             ; 0.049 V                             ; 6.37e-10 s                 ; 6.23e-10 s                 ; Yes                       ; Yes                       ;
; dac_in[6]       ; 2.5 V        ; 0 s                 ; 0 s                 ; 2.32 V                       ; 1.47e-05 V                   ; 2.34 V              ; -0.00486 V          ; 0.217 V                              ; 0.049 V                              ; 6.37e-10 s                  ; 6.23e-10 s                  ; Yes                        ; Yes                        ; 2.32 V                      ; 1.47e-05 V                  ; 2.34 V             ; -0.00486 V         ; 0.217 V                             ; 0.049 V                             ; 6.37e-10 s                 ; 6.23e-10 s                 ; Yes                       ; Yes                       ;
; dac_in[7]       ; 2.5 V        ; 0 s                 ; 0 s                 ; 2.32 V                       ; 1.47e-05 V                   ; 2.34 V              ; -0.00486 V          ; 0.217 V                              ; 0.049 V                              ; 6.37e-10 s                  ; 6.23e-10 s                  ; Yes                        ; Yes                        ; 2.32 V                      ; 1.47e-05 V                  ; 2.34 V             ; -0.00486 V         ; 0.217 V                             ; 0.049 V                             ; 6.37e-10 s                 ; 6.23e-10 s                 ; Yes                       ; Yes                       ;
; dac_in[8]       ; 2.5 V        ; 0 s                 ; 0 s                 ; 2.32 V                       ; 1.47e-05 V                   ; 2.34 V              ; -0.00486 V          ; 0.217 V                              ; 0.049 V                              ; 6.37e-10 s                  ; 6.23e-10 s                  ; Yes                        ; Yes                        ; 2.32 V                      ; 1.47e-05 V                  ; 2.34 V             ; -0.00486 V         ; 0.217 V                             ; 0.049 V                             ; 6.37e-10 s                 ; 6.23e-10 s                 ; Yes                       ; Yes                       ;
; dac_in[9]       ; 2.5 V        ; 0 s                 ; 0 s                 ; 2.32 V                       ; 1.47e-05 V                   ; 2.34 V              ; -0.00486 V          ; 0.217 V                              ; 0.049 V                              ; 6.37e-10 s                  ; 6.23e-10 s                  ; Yes                        ; Yes                        ; 2.32 V                      ; 1.47e-05 V                  ; 2.34 V             ; -0.00486 V         ; 0.217 V                             ; 0.049 V                             ; 6.37e-10 s                 ; 6.23e-10 s                 ; Yes                       ; Yes                       ;
; dac_in[10]      ; 2.5 V        ; 0 s                 ; 0 s                 ; 2.32 V                       ; 1.47e-05 V                   ; 2.34 V              ; -0.00486 V          ; 0.217 V                              ; 0.049 V                              ; 6.37e-10 s                  ; 6.23e-10 s                  ; Yes                        ; Yes                        ; 2.32 V                      ; 1.47e-05 V                  ; 2.34 V             ; -0.00486 V         ; 0.217 V                             ; 0.049 V                             ; 6.37e-10 s                 ; 6.23e-10 s                 ; Yes                       ; Yes                       ;
; dac_in[11]      ; 2.5 V        ; 0 s                 ; 0 s                 ; 2.32 V                       ; 1.47e-05 V                   ; 2.34 V              ; -0.00486 V          ; 0.217 V                              ; 0.049 V                              ; 6.37e-10 s                  ; 6.23e-10 s                  ; Yes                        ; Yes                        ; 2.32 V                      ; 1.47e-05 V                  ; 2.34 V             ; -0.00486 V         ; 0.217 V                             ; 0.049 V                             ; 6.37e-10 s                 ; 6.23e-10 s                 ; Yes                       ; Yes                       ;
; dac_in[12]      ; 2.5 V        ; 0 s                 ; 0 s                 ; 2.32 V                       ; 1.47e-05 V                   ; 2.34 V              ; -0.00486 V          ; 0.217 V                              ; 0.049 V                              ; 6.37e-10 s                  ; 6.23e-10 s                  ; Yes                        ; Yes                        ; 2.32 V                      ; 1.47e-05 V                  ; 2.34 V             ; -0.00486 V         ; 0.217 V                             ; 0.049 V                             ; 6.37e-10 s                 ; 6.23e-10 s                 ; Yes                       ; Yes                       ;
; dac_in[13]      ; 2.5 V        ; 0 s                 ; 0 s                 ; 2.32 V                       ; 1.47e-05 V                   ; 2.34 V              ; -0.00486 V          ; 0.217 V                              ; 0.049 V                              ; 6.37e-10 s                  ; 6.23e-10 s                  ; Yes                        ; Yes                        ; 2.32 V                      ; 1.47e-05 V                  ; 2.34 V             ; -0.00486 V         ; 0.217 V                             ; 0.049 V                             ; 6.37e-10 s                 ; 6.23e-10 s                 ; Yes                       ; Yes                       ;
; i_clk_to_dac(n) ; LVDS         ; 0 s                 ; 0 s                 ; 0.362 V                      ; -0.362 V                     ; -                   ; -                   ; -                                    ; -                                    ; 8.95e-11 s                  ; 8.9e-11 s                   ; Yes                        ; Yes                        ; 0.362 V                     ; -0.362 V                    ; -                  ; -                  ; -                                   ; -                                   ; 8.95e-11 s                 ; 8.9e-11 s                  ; Yes                       ; Yes                       ;
+-----------------+--------------+---------------------+---------------------+------------------------------+------------------------------+---------------------+---------------------+--------------------------------------+--------------------------------------+-----------------------------+-----------------------------+----------------------------+----------------------------+-----------------------------+-----------------------------+--------------------+--------------------+-------------------------------------+-------------------------------------+----------------------------+----------------------------+---------------------------+---------------------------+


+----------------------------------------------------------------------------------------------------------------------------------------------------------------------------------------------------------------------------------------------------------------------------------------------------------------------------------------------------------------------------------------------------------------------------------------------------------------------------------------------------------------------------------------------------------------------------------------------------------------------------------------------------------------------------------------------+
; Signal Integrity Metrics (Fast 900mv 0c Model)                                                                                                                                                                                                                                                                                                                                                                                                                                                                                                                                                                                                                                               ;
+-----------------+--------------+---------------------+---------------------+------------------------------+------------------------------+---------------------+---------------------+--------------------------------------+--------------------------------------+-----------------------------+-----------------------------+----------------------------+----------------------------+-----------------------------+-----------------------------+--------------------+--------------------+-------------------------------------+-------------------------------------+----------------------------+----------------------------+---------------------------+---------------------------+
; Pin             ; I/O Standard ; Board Delay on Rise ; Board Delay on Fall ; Steady State Voh at FPGA Pin ; Steady State Vol at FPGA Pin ; Voh Max at FPGA Pin ; Vol Min at FPGA Pin ; Ringback Voltage on Rise at FPGA Pin ; Ringback Voltage on Fall at FPGA Pin ; 10-90 Rise Time at FPGA Pin ; 90-10 Fall Time at FPGA Pin ; Monotonic Rise at FPGA Pin ; Monotonic Fall at FPGA Pin ; Steady State Voh at Far-end ; Steady State Vol at Far-end ; Voh Max at Far-end ; Vol Min at Far-end ; Ringback Voltage on Rise at Far-end ; Ringback Voltage on Fall at Far-end ; 10-90 Rise Time at Far-end ; 90-10 Fall Time at Far-end ; Monotonic Rise at Far-end ; Monotonic Fall at Far-end ;
+-----------------+--------------+---------------------+---------------------+------------------------------+------------------------------+---------------------+---------------------+--------------------------------------+--------------------------------------+-----------------------------+-----------------------------+----------------------------+----------------------------+-----------------------------+-----------------------------+--------------------+--------------------+-------------------------------------+-------------------------------------+----------------------------+----------------------------+---------------------------+---------------------------+
; i_clk_to_dac    ; LVDS         ; 0 s                 ; 0 s                 ; 0.387 V                      ; -0.387 V                     ; -                   ; -                   ; -                                    ; -                                    ; 6.33e-11 s                  ; 6.21e-11 s                  ; Yes                        ; Yes                        ; 0.387 V                     ; -0.387 V                    ; -                  ; -                  ; -                                   ; -                                   ; 6.33e-11 s                 ; 6.21e-11 s                 ; Yes                       ; Yes                       ;
; dac_in[0]       ; 2.5 V        ; 0 s                 ; 0 s                 ; 2.62 V                       ; 8.91e-07 V                   ; 2.66 V              ; -0.0189 V           ; 0.179 V                              ; 0.122 V                              ; 4.9e-10 s                   ; 4.6e-10 s                   ; No                         ; Yes                        ; 2.62 V                      ; 8.91e-07 V                  ; 2.66 V             ; -0.0189 V          ; 0.179 V                             ; 0.122 V                             ; 4.9e-10 s                  ; 4.6e-10 s                  ; No                        ; Yes                       ;
; dac_in[1]       ; 2.5 V        ; 0 s                 ; 0 s                 ; 2.62 V                       ; 8.91e-07 V                   ; 2.66 V              ; -0.0189 V           ; 0.179 V                              ; 0.122 V                              ; 4.9e-10 s                   ; 4.6e-10 s                   ; No                         ; Yes                        ; 2.62 V                      ; 8.91e-07 V                  ; 2.66 V             ; -0.0189 V          ; 0.179 V                             ; 0.122 V                             ; 4.9e-10 s                  ; 4.6e-10 s                  ; No                        ; Yes                       ;
; dac_in[2]       ; 2.5 V        ; 0 s                 ; 0 s                 ; 2.62 V                       ; 8.91e-07 V                   ; 2.66 V              ; -0.0189 V           ; 0.179 V                              ; 0.122 V                              ; 4.9e-10 s                   ; 4.6e-10 s                   ; No                         ; Yes                        ; 2.62 V                      ; 8.91e-07 V                  ; 2.66 V             ; -0.0189 V          ; 0.179 V                             ; 0.122 V                             ; 4.9e-10 s                  ; 4.6e-10 s                  ; No                        ; Yes                       ;
; dac_in[3]       ; 2.5 V        ; 0 s                 ; 0 s                 ; 2.62 V                       ; 8.91e-07 V                   ; 2.66 V              ; -0.0189 V           ; 0.179 V                              ; 0.122 V                              ; 4.9e-10 s                   ; 4.6e-10 s                   ; No                         ; Yes                        ; 2.62 V                      ; 8.91e-07 V                  ; 2.66 V             ; -0.0189 V          ; 0.179 V                             ; 0.122 V                             ; 4.9e-10 s                  ; 4.6e-10 s                  ; No                        ; Yes                       ;
; dac_in[4]       ; 2.5 V        ; 0 s                 ; 0 s                 ; 2.62 V                       ; 8.91e-07 V                   ; 2.66 V              ; -0.0189 V           ; 0.179 V                              ; 0.122 V                              ; 4.9e-10 s                   ; 4.6e-10 s                   ; No                         ; Yes                        ; 2.62 V                      ; 8.91e-07 V                  ; 2.66 V             ; -0.0189 V          ; 0.179 V                             ; 0.122 V                             ; 4.9e-10 s                  ; 4.6e-10 s                  ; No                        ; Yes                       ;
; dac_in[5]       ; 2.5 V        ; 0 s                 ; 0 s                 ; 2.62 V                       ; 8.91e-07 V                   ; 2.66 V              ; -0.0189 V           ; 0.179 V                              ; 0.122 V                              ; 4.9e-10 s                   ; 4.6e-10 s                   ; No                         ; Yes                        ; 2.62 V                      ; 8.91e-07 V                  ; 2.66 V             ; -0.0189 V          ; 0.179 V                             ; 0.122 V                             ; 4.9e-10 s                  ; 4.6e-10 s                  ; No                        ; Yes                       ;
; dac_in[6]       ; 2.5 V        ; 0 s                 ; 0 s                 ; 2.62 V                       ; 8.91e-07 V                   ; 2.66 V              ; -0.0189 V           ; 0.179 V                              ; 0.122 V                              ; 4.9e-10 s                   ; 4.6e-10 s                   ; No                         ; Yes                        ; 2.62 V                      ; 8.91e-07 V                  ; 2.66 V             ; -0.0189 V          ; 0.179 V                             ; 0.122 V                             ; 4.9e-10 s                  ; 4.6e-10 s                  ; No                        ; Yes                       ;
; dac_in[7]       ; 2.5 V        ; 0 s                 ; 0 s                 ; 2.62 V                       ; 8.91e-07 V                   ; 2.66 V              ; -0.0189 V           ; 0.179 V                              ; 0.122 V                              ; 4.9e-10 s                   ; 4.6e-10 s                   ; No                         ; Yes                        ; 2.62 V                      ; 8.91e-07 V                  ; 2.66 V             ; -0.0189 V          ; 0.179 V                             ; 0.122 V                             ; 4.9e-10 s                  ; 4.6e-10 s                  ; No                        ; Yes                       ;
; dac_in[8]       ; 2.5 V        ; 0 s                 ; 0 s                 ; 2.62 V                       ; 8.91e-07 V                   ; 2.66 V              ; -0.0189 V           ; 0.179 V                              ; 0.122 V                              ; 4.9e-10 s                   ; 4.6e-10 s                   ; No                         ; Yes                        ; 2.62 V                      ; 8.91e-07 V                  ; 2.66 V             ; -0.0189 V          ; 0.179 V                             ; 0.122 V                             ; 4.9e-10 s                  ; 4.6e-10 s                  ; No                        ; Yes                       ;
; dac_in[9]       ; 2.5 V        ; 0 s                 ; 0 s                 ; 2.62 V                       ; 8.91e-07 V                   ; 2.66 V              ; -0.0189 V           ; 0.179 V                              ; 0.122 V                              ; 4.9e-10 s                   ; 4.6e-10 s                   ; No                         ; Yes                        ; 2.62 V                      ; 8.91e-07 V                  ; 2.66 V             ; -0.0189 V          ; 0.179 V                             ; 0.122 V                             ; 4.9e-10 s                  ; 4.6e-10 s                  ; No                        ; Yes                       ;
; dac_in[10]      ; 2.5 V        ; 0 s                 ; 0 s                 ; 2.62 V                       ; 8.91e-07 V                   ; 2.66 V              ; -0.0189 V           ; 0.179 V                              ; 0.122 V                              ; 4.9e-10 s                   ; 4.6e-10 s                   ; No                         ; Yes                        ; 2.62 V                      ; 8.91e-07 V                  ; 2.66 V             ; -0.0189 V          ; 0.179 V                             ; 0.122 V                             ; 4.9e-10 s                  ; 4.6e-10 s                  ; No                        ; Yes                       ;
; dac_in[11]      ; 2.5 V        ; 0 s                 ; 0 s                 ; 2.62 V                       ; 8.91e-07 V                   ; 2.66 V              ; -0.0189 V           ; 0.179 V                              ; 0.122 V                              ; 4.9e-10 s                   ; 4.6e-10 s                   ; No                         ; Yes                        ; 2.62 V                      ; 8.91e-07 V                  ; 2.66 V             ; -0.0189 V          ; 0.179 V                             ; 0.122 V                             ; 4.9e-10 s                  ; 4.6e-10 s                  ; No                        ; Yes                       ;
; dac_in[12]      ; 2.5 V        ; 0 s                 ; 0 s                 ; 2.62 V                       ; 8.91e-07 V                   ; 2.66 V              ; -0.0189 V           ; 0.179 V                              ; 0.122 V                              ; 4.9e-10 s                   ; 4.6e-10 s                   ; No                         ; Yes                        ; 2.62 V                      ; 8.91e-07 V                  ; 2.66 V             ; -0.0189 V          ; 0.179 V                             ; 0.122 V                             ; 4.9e-10 s                  ; 4.6e-10 s                  ; No                        ; Yes                       ;
; dac_in[13]      ; 2.5 V        ; 0 s                 ; 0 s                 ; 2.62 V                       ; 8.91e-07 V                   ; 2.66 V              ; -0.0189 V           ; 0.179 V                              ; 0.122 V                              ; 4.9e-10 s                   ; 4.6e-10 s                   ; No                         ; Yes                        ; 2.62 V                      ; 8.91e-07 V                  ; 2.66 V             ; -0.0189 V          ; 0.179 V                             ; 0.122 V                             ; 4.9e-10 s                  ; 4.6e-10 s                  ; No                        ; Yes                       ;
; i_clk_to_dac(n) ; LVDS         ; 0 s                 ; 0 s                 ; 0.387 V                      ; -0.387 V                     ; -                   ; -                   ; -                                    ; -                                    ; 6.33e-11 s                  ; 6.21e-11 s                  ; Yes                        ; Yes                        ; 0.387 V                     ; -0.387 V                    ; -                  ; -                  ; -                                   ; -                                   ; 6.33e-11 s                 ; 6.21e-11 s                 ; Yes                       ; Yes                       ;
+-----------------+--------------+---------------------+---------------------+------------------------------+------------------------------+---------------------+---------------------+--------------------------------------+--------------------------------------+-----------------------------+-----------------------------+----------------------------+----------------------------+-----------------------------+-----------------------------+--------------------+--------------------+-------------------------------------+-------------------------------------+----------------------------+----------------------------+---------------------------+---------------------------+


+---------------------------------------------------------------------------------------------------------------------------------------------------------------+
; Setup Transfers                                                                                                                                               ;
+---------------------------------------------------------+---------------------------------------------------------+----------+----------+----------+----------+
; From Clock                                              ; To Clock                                                ; RR Paths ; FR Paths ; RF Paths ; FF Paths ;
+---------------------------------------------------------+---------------------------------------------------------+----------+----------+----------+----------+
; my_pll_inst|altpll_component|auto_generated|pll1|clk[0] ; my_pll_inst|altpll_component|auto_generated|pll1|clk[0] ; 137      ; 0        ; 0        ; 0        ;
+---------------------------------------------------------+---------------------------------------------------------+----------+----------+----------+----------+
Entries labeled "false path" only account for clock-to-clock false paths and not path-based false paths. As a result, actual path counts may be lower than reported.


+---------------------------------------------------------------------------------------------------------------------------------------------------------------+
; Hold Transfers                                                                                                                                                ;
+---------------------------------------------------------+---------------------------------------------------------+----------+----------+----------+----------+
; From Clock                                              ; To Clock                                                ; RR Paths ; FR Paths ; RF Paths ; FF Paths ;
+---------------------------------------------------------+---------------------------------------------------------+----------+----------+----------+----------+
; my_pll_inst|altpll_component|auto_generated|pll1|clk[0] ; my_pll_inst|altpll_component|auto_generated|pll1|clk[0] ; 137      ; 0        ; 0        ; 0        ;
+---------------------------------------------------------+---------------------------------------------------------+----------+----------+----------+----------+
Entries labeled "false path" only account for clock-to-clock false paths and not path-based false paths. As a result, actual path counts may be lower than reported.


---------------
; Report TCCS ;
---------------
No dedicated SERDES Transmitter circuitry present in device or used in design


---------------
; Report RSKM ;
---------------
No non-DPA dedicated SERDES Receiver circuitry present in device or used in design


+------------------------------------------------+
; Unconstrained Paths Summary                    ;
+---------------------------------+-------+------+
; Property                        ; Setup ; Hold ;
+---------------------------------+-------+------+
; Illegal Clocks                  ; 0     ; 0    ;
; Unconstrained Clocks            ; 0     ; 0    ;
; Unconstrained Input Ports       ; 4     ; 4    ;
; Unconstrained Input Port Paths  ; 34    ; 34   ;
; Unconstrained Output Ports      ; 16    ; 16   ;
; Unconstrained Output Port Paths ; 86    ; 86   ;
+---------------------------------+-------+------+


+---------------------------------------------------------------------------------------------------------------------------------------------+
; Clock Status Summary                                                                                                                        ;
+---------------------------------------------------------+---------------------------------------------------------+-----------+-------------+
; Target                                                  ; Clock                                                   ; Type      ; Status      ;
+---------------------------------------------------------+---------------------------------------------------------+-----------+-------------+
; i_clk                                                   ; i_clk                                                   ; Base      ; Constrained ;
; my_pll_inst|altpll_component|auto_generated|pll1|clk[0] ; my_pll_inst|altpll_component|auto_generated|pll1|clk[0] ; Generated ; Constrained ;
+---------------------------------------------------------+---------------------------------------------------------+-----------+-------------+


+---------------------------------------------------------------------------------------------------+
; Unconstrained Input Ports                                                                         ;
+------------+--------------------------------------------------------------------------------------+
; Input Port ; Comment                                                                              ;
+------------+--------------------------------------------------------------------------------------+
; sw[0]      ; No input delay, min/max delays, false-path exceptions, or max skew assignments found ;
; sw[1]      ; No input delay, min/max delays, false-path exceptions, or max skew assignments found ;
; sw[2]      ; No input delay, min/max delays, false-path exceptions, or max skew assignments found ;
; sw[3]      ; No input delay, min/max delays, false-path exceptions, or max skew assignments found ;
+------------+--------------------------------------------------------------------------------------+


+---------------------------------------------------------------------------------------------------------+
; Unconstrained Output Ports                                                                              ;
+-----------------+---------------------------------------------------------------------------------------+
; Output Port     ; Comment                                                                               ;
+-----------------+---------------------------------------------------------------------------------------+
; dac_in[0]       ; No output delay, min/max delays, false-path exceptions, or max skew assignments found ;
; dac_in[1]       ; No output delay, min/max delays, false-path exceptions, or max skew assignments found ;
; dac_in[2]       ; No output delay, min/max delays, false-path exceptions, or max skew assignments found ;
; dac_in[3]       ; No output delay, min/max delays, false-path exceptions, or max skew assignments found ;
; dac_in[4]       ; No output delay, min/max delays, false-path exceptions, or max skew assignments found ;
; dac_in[5]       ; No output delay, min/max delays, false-path exceptions, or max skew assignments found ;
; dac_in[6]       ; No output delay, min/max delays, false-path exceptions, or max skew assignments found ;
; dac_in[7]       ; No output delay, min/max delays, false-path exceptions, or max skew assignments found ;
; dac_in[8]       ; No output delay, min/max delays, false-path exceptions, or max skew assignments found ;
; dac_in[9]       ; No output delay, min/max delays, false-path exceptions, or max skew assignments found ;
; dac_in[10]      ; No output delay, min/max delays, false-path exceptions, or max skew assignments found ;
; dac_in[11]      ; No output delay, min/max delays, false-path exceptions, or max skew assignments found ;
; dac_in[12]      ; No output delay, min/max delays, false-path exceptions, or max skew assignments found ;
; dac_in[13]      ; No output delay, min/max delays, false-path exceptions, or max skew assignments found ;
; i_clk_to_dac    ; No output delay, min/max delays, false-path exceptions, or max skew assignments found ;
; i_clk_to_dac(n) ; No output delay, min/max delays, false-path exceptions, or max skew assignments found ;
+-----------------+---------------------------------------------------------------------------------------+


+---------------------------------------------------------------------------------------------------+
; Unconstrained Input Ports                                                                         ;
+------------+--------------------------------------------------------------------------------------+
; Input Port ; Comment                                                                              ;
+------------+--------------------------------------------------------------------------------------+
; sw[0]      ; No input delay, min/max delays, false-path exceptions, or max skew assignments found ;
; sw[1]      ; No input delay, min/max delays, false-path exceptions, or max skew assignments found ;
; sw[2]      ; No input delay, min/max delays, false-path exceptions, or max skew assignments found ;
; sw[3]      ; No input delay, min/max delays, false-path exceptions, or max skew assignments found ;
+------------+--------------------------------------------------------------------------------------+


+---------------------------------------------------------------------------------------------------------+
; Unconstrained Output Ports                                                                              ;
+-----------------+---------------------------------------------------------------------------------------+
; Output Port     ; Comment                                                                               ;
+-----------------+---------------------------------------------------------------------------------------+
; dac_in[0]       ; No output delay, min/max delays, false-path exceptions, or max skew assignments found ;
; dac_in[1]       ; No output delay, min/max delays, false-path exceptions, or max skew assignments found ;
; dac_in[2]       ; No output delay, min/max delays, false-path exceptions, or max skew assignments found ;
; dac_in[3]       ; No output delay, min/max delays, false-path exceptions, or max skew assignments found ;
; dac_in[4]       ; No output delay, min/max delays, false-path exceptions, or max skew assignments found ;
; dac_in[5]       ; No output delay, min/max delays, false-path exceptions, or max skew assignments found ;
; dac_in[6]       ; No output delay, min/max delays, false-path exceptions, or max skew assignments found ;
; dac_in[7]       ; No output delay, min/max delays, false-path exceptions, or max skew assignments found ;
; dac_in[8]       ; No output delay, min/max delays, false-path exceptions, or max skew assignments found ;
; dac_in[9]       ; No output delay, min/max delays, false-path exceptions, or max skew assignments found ;
; dac_in[10]      ; No output delay, min/max delays, false-path exceptions, or max skew assignments found ;
; dac_in[11]      ; No output delay, min/max delays, false-path exceptions, or max skew assignments found ;
; dac_in[12]      ; No output delay, min/max delays, false-path exceptions, or max skew assignments found ;
; dac_in[13]      ; No output delay, min/max delays, false-path exceptions, or max skew assignments found ;
; i_clk_to_dac    ; No output delay, min/max delays, false-path exceptions, or max skew assignments found ;
; i_clk_to_dac(n) ; No output delay, min/max delays, false-path exceptions, or max skew assignments found ;
+-----------------+---------------------------------------------------------------------------------------+


+--------------------------+
; Timing Analyzer Messages ;
+--------------------------+
Info: *******************************************************************
Info: Running Quartus Prime Timing Analyzer
    Info: Version 18.0.0 Build 614 04/24/2018 SJ Standard Edition
    Info: Processing started: Thu Dec 20 16:14:27 2018
Info: Command: quartus_sta nco_sin_gen -c nco_sin_gen
Info: qsta_default_script.tcl version: #2
Warning (18236): Number of processors has not been specified which may cause overloading on shared machines.  Set the global assignment NUM_PARALLEL_PROCESSORS in your QSF to an appropriate value for best performance.
Info (20030): Parallel compilation is enabled and will use 2 of the 2 processors detected
Info (21077): Low junction temperature is 0 degrees C
Info (21077): High junction temperature is 85 degrees C
Critical Warning (332012): Synopsys Design Constraints File file not found: 'nco_sin_gen.sdc'. A Synopsys Design Constraints File is required by the Timing Analyzer to get proper timing constraints. Without it, the Compiler will not properly optimize the design.
Info (332142): No user constrained generated clocks found in the design. Calling "derive_pll_clocks -create_base_clocks"
Info (332110): Deriving PLL clocks
    Info (332110): create_clock -period 20.000 -waveform {0.000 10.000} -name i_clk i_clk
    Info (332110): create_generated_clock -source {my_pll_inst|altpll_component|auto_generated|pll1|inclk[0]} -multiply_by 4 -duty_cycle 50.00 -name {my_pll_inst|altpll_component|auto_generated|pll1|clk[0]} {my_pll_inst|altpll_component|auto_generated|pll1|clk[0]}
Info (332142): No user constrained base clocks found in the design. Calling "derive_clocks -period 1.0"
Info (332096): The command derive_clocks did not find any clocks to derive.  No clocks were created or changed.
Info (332097): The following timing edges are non-unate.  The Timing Analyzer will assume pos-unate behavior for these edges in the clock network.
    Info (332098): Cell: my_pll_inst|altpll_component|auto_generated|pll1  from: inclk[0]  to: observablevcoout
Info (332143): No user constrained clock uncertainty found in the design. Calling "derive_clock_uncertainty"
Info (332123): Deriving Clock Uncertainty. Please refer to report_sdc in the Timing Analyzer to see clock uncertainties.
Info: Found TIMING_ANALYZER_REPORT_SCRIPT_INCLUDE_DEFAULT_ANALYSIS = ON
Info: Analyzing Slow 900mV 85C Model
Info (332146): Worst-case setup slack is 1.006
    Info (332119):     Slack       End Point TNS Clock 
    Info (332119): ========= =================== =====================
    Info (332119):     1.006               0.000 my_pll_inst|altpll_component|auto_generated|pll1|clk[0] 
Info (332146): Worst-case hold slack is 0.319
    Info (332119):     Slack       End Point TNS Clock 
    Info (332119): ========= =================== =====================
    Info (332119):     0.319               0.000 my_pll_inst|altpll_component|auto_generated|pll1|clk[0] 
Info (332140): No Recovery paths to report
Info (332140): No Removal paths to report
Info (332146): Worst-case minimum pulse width slack is 1.804
    Info (332119):     Slack       End Point TNS Clock 
    Info (332119): ========= =================== =====================
    Info (332119):     1.804               0.000 my_pll_inst|altpll_component|auto_generated|pll1|clk[0] 
    Info (332119):     9.959               0.000 i_clk 
Info: Analyzing Slow 900mV 0C Model
Info (334003): Started post-fitting delay annotation
Info (334004): Delay annotation completed successfully
Info (332097): The following timing edges are non-unate.  The Timing Analyzer will assume pos-unate behavior for these edges in the clock network.
    Info (332098): Cell: my_pll_inst|altpll_component|auto_generated|pll1  from: inclk[0]  to: observablevcoout
Info (332123): Deriving Clock Uncertainty. Please refer to report_sdc in the Timing Analyzer to see clock uncertainties.
Info (332146): Worst-case setup slack is 1.147
    Info (332119):     Slack       End Point TNS Clock 
    Info (332119): ========= =================== =====================
    Info (332119):     1.147               0.000 my_pll_inst|altpll_component|auto_generated|pll1|clk[0] 
Info (332146): Worst-case hold slack is 0.308
    Info (332119):     Slack       End Point TNS Clock 
    Info (332119): ========= =================== =====================
    Info (332119):     0.308               0.000 my_pll_inst|altpll_component|auto_generated|pll1|clk[0] 
Info (332140): No Recovery paths to report
Info (332140): No Removal paths to report
Info (332146): Worst-case minimum pulse width slack is 1.819
    Info (332119):     Slack       End Point TNS Clock 
    Info (332119): ========= =================== =====================
    Info (332119):     1.819               0.000 my_pll_inst|altpll_component|auto_generated|pll1|clk[0] 
    Info (332119):     9.979               0.000 i_clk 
Info: Analyzing Fast 900mV 0C Model
Info (332097): The following timing edges are non-unate.  The Timing Analyzer will assume pos-unate behavior for these edges in the clock network.
    Info (332098): Cell: my_pll_inst|altpll_component|auto_generated|pll1  from: inclk[0]  to: observablevcoout
Info (332123): Deriving Clock Uncertainty. Please refer to report_sdc in the Timing Analyzer to see clock uncertainties.
Info (332146): Worst-case setup slack is 2.563
    Info (332119):     Slack       End Point TNS Clock 
    Info (332119): ========= =================== =====================
    Info (332119):     2.563               0.000 my_pll_inst|altpll_component|auto_generated|pll1|clk[0] 
Info (332146): Worst-case hold slack is 0.180
    Info (332119):     Slack       End Point TNS Clock 
    Info (332119): ========= =================== =====================
    Info (332119):     0.180               0.000 my_pll_inst|altpll_component|auto_generated|pll1|clk[0] 
Info (332140): No Recovery paths to report
Info (332140): No Removal paths to report
Info (332146): Worst-case minimum pulse width slack is 1.792
    Info (332119):     Slack       End Point TNS Clock 
    Info (332119): ========= =================== =====================
    Info (332119):     1.792               0.000 my_pll_inst|altpll_component|auto_generated|pll1|clk[0] 
    Info (332119):     9.698               0.000 i_clk 
Info (332102): Design is not fully constrained for setup requirements
Info (332102): Design is not fully constrained for hold requirements
Info: Quartus Prime Timing Analyzer was successful. 0 errors, 2 warnings
    Info: Peak virtual memory: 5005 megabytes
    Info: Processing ended: Thu Dec 20 16:14:32 2018
    Info: Elapsed time: 00:00:05
    Info: Total CPU time (on all processors): 00:00:05


