Flow report for nco_sin_gen
Thu Dec 20 16:14:36 2018
Quartus Prime Version 18.0.0 Build 614 04/24/2018 SJ Standard Edition


---------------------
; Table of Contents ;
---------------------
  1. Legal Notice
  2. Flow Summary
  3. Flow Settings
  4. Flow Non-Default Global Settings
  5. Flow Elapsed Time
  6. Flow OS Summary
  7. Flow Log
  8. Flow Messages
  9. Flow Suppressed Messages



----------------
; Legal Notice ;
----------------
Copyright (C) 2018  Intel Corporation. All rights reserved.
Your use of Intel Corporation's design tools, logic functions 
and other software and tools, and its AMPP partner logic 
functions, and any output files from any of the foregoing 
(including device programming or simulation files), and any 
associated documentation or information are expressly subject 
to the terms and conditions of the Intel Program License 
Subscription Agreement, the Intel Quartus Prime License Agreement,
the Intel FPGA IP License Agreement, or other applicable license
agreement, including, without limitation, that your use is for
the sole purpose of programming logic devices manufactured by
Intel and sold by Intel or its authorized distributors.  Please
refer to the applicable agreement for further details.



+-------------------------------------------------------------------------------------+
; Flow Summary                                                                        ;
+-----------------------------------+-------------------------------------------------+
; Flow Status                       ; Successful - Thu Dec 20 16:14:36 2018           ;
; Quartus Prime Version             ; 18.0.0 Build 614 04/24/2018 SJ Standard Edition ;
; Revision Name                     ; nco_sin_gen                                     ;
; Top-level Entity Name             ; nco_sin_gen                                     ;
; Family                            ; Stratix IV                                      ;
; Device                            ; EP4SGX230KF40C2                                 ;
; Timing Models                     ; Final                                           ;
; Logic utilization                 ; < 1 %                                           ;
;     Combinational ALUTs           ; 29 / 182,400 ( < 1 % )                          ;
;     Memory ALUTs                  ; 0 / 91,200 ( 0 % )                              ;
;     Dedicated logic registers     ; 12 / 182,400 ( < 1 % )                          ;
; Total registers                   ; 12                                              ;
; Total pins                        ; 21 / 888 ( 2 % )                                ;
; Total virtual pins                ; 0                                               ;
; Total block memory bits           ; 917,504 / 14,625,792 ( 6 % )                    ;
; DSP block 18-bit elements         ; 0 / 1,288 ( 0 % )                               ;
; Total GXB Receiver Channel PCS    ; 0 / 24 ( 0 % )                                  ;
; Total GXB Receiver Channel PMA    ; 0 / 36 ( 0 % )                                  ;
; Total GXB Transmitter Channel PCS ; 0 / 24 ( 0 % )                                  ;
; Total GXB Transmitter Channel PMA ; 0 / 36 ( 0 % )                                  ;
; Total PLLs                        ; 1 / 8 ( 13 % )                                  ;
; Total DLLs                        ; 0 / 4 ( 0 % )                                   ;
+-----------------------------------+-------------------------------------------------+


+-----------------------------------------+
; Flow Settings                           ;
+-------------------+---------------------+
; Option            ; Setting             ;
+-------------------+---------------------+
; Start date & time ; 12/20/2018 16:10:57 ;
; Main task         ; Compilation         ;
; Revision Name     ; nco_sin_gen         ;
+-------------------+---------------------+


+-----------------------------------------------------------------------------------------------------------------------------+
; Flow Non-Default Global Settings                                                                                            ;
+-------------------------------------+----------------------------------------+---------------+-------------+----------------+
; Assignment Name                     ; Value                                  ; Default Value ; Entity Name ; Section Id     ;
+-------------------------------------+----------------------------------------+---------------+-------------+----------------+
; COMPILER_SIGNATURE_ID               ; 93328249881125.154531505617908         ; --            ; --          ; --             ;
; EDA_OUTPUT_DATA_FORMAT              ; Verilog Hdl                            ; --            ; --          ; eda_simulation ;
; EDA_SIMULATION_TOOL                 ; ModelSim-Altera (Verilog)              ; <None>        ; --          ; --             ;
; EDA_TIME_SCALE                      ; 1 ps                                   ; --            ; --          ; eda_simulation ;
; MAX_CORE_JUNCTION_TEMP              ; 85                                     ; --            ; --          ; --             ;
; MIN_CORE_JUNCTION_TEMP              ; 0                                      ; --            ; --          ; --             ;
; MISC_FILE                           ; my_pll.bsf                             ; --            ; --          ; --             ;
; MISC_FILE                           ; my_pll_inst.v                          ; --            ; --          ; --             ;
; MISC_FILE                           ; my_pll_bb.v                            ; --            ; --          ; --             ;
; MISC_FILE                           ; my_pll.ppf                             ; --            ; --          ; --             ;
; MISC_FILE                           ; my_pll_syn.v                           ; --            ; --          ; --             ;
; PARTITION_COLOR                     ; -- (Not supported for targeted family) ; --            ; --          ; Top            ;
; PARTITION_FITTER_PRESERVATION_LEVEL ; -- (Not supported for targeted family) ; --            ; --          ; Top            ;
; PARTITION_NETLIST_TYPE              ; -- (Not supported for targeted family) ; --            ; --          ; Top            ;
; PROJECT_OUTPUT_DIRECTORY            ; output_files                           ; --            ; --          ; --             ;
+-------------------------------------+----------------------------------------+---------------+-------------+----------------+


+--------------------------------------------------------------------------------------------------------------------------+
; Flow Elapsed Time                                                                                                        ;
+----------------------+--------------+-------------------------+---------------------+------------------------------------+
; Module Name          ; Elapsed Time ; Average Processors Used ; Peak Virtual Memory ; Total CPU Time (on all processors) ;
+----------------------+--------------+-------------------------+---------------------+------------------------------------+
; Analysis & Synthesis ; 00:02:36     ; 1.0                     ; 4997 MB             ; 00:03:00                           ;
; Fitter               ; 00:00:36     ; 1.0                     ; 5810 MB             ; 00:00:47                           ;
; Assembler            ; 00:00:13     ; 1.0                     ; 4980 MB             ; 00:00:12                           ;
; Timing Analyzer      ; 00:00:05     ; 1.0                     ; 5005 MB             ; 00:00:05                           ;
; EDA Netlist Writer   ; 00:00:03     ; 1.0                     ; 4774 MB             ; 00:00:03                           ;
; Total                ; 00:03:33     ; --                      ; --                  ; 00:04:07                           ;
+----------------------+--------------+-------------------------+---------------------+------------------------------------+


+------------------------------------------------------------------------------------+
; Flow OS Summary                                                                    ;
+----------------------+------------------+------------+------------+----------------+
; Module Name          ; Machine Hostname ; OS Name    ; OS Version ; Processor type ;
+----------------------+------------------+------------+------------+----------------+
; Analysis & Synthesis ; DESKTOP-KMKO350  ; Windows 10 ; 10.0       ; x86_64         ;
; Fitter               ; DESKTOP-KMKO350  ; Windows 10 ; 10.0       ; x86_64         ;
; Assembler            ; DESKTOP-KMKO350  ; Windows 10 ; 10.0       ; x86_64         ;
; Timing Analyzer      ; DESKTOP-KMKO350  ; Windows 10 ; 10.0       ; x86_64         ;
; EDA Netlist Writer   ; DESKTOP-KMKO350  ; Windows 10 ; 10.0       ; x86_64         ;
+----------------------+------------------+------------+------------+----------------+


------------
; Flow Log ;
------------
quartus_map --read_settings_files=on --write_settings_files=off nco_sin_gen -c nco_sin_gen
quartus_fit --read_settings_files=off --write_settings_files=off nco_sin_gen -c nco_sin_gen
quartus_asm --read_settings_files=off --write_settings_files=off nco_sin_gen -c nco_sin_gen
quartus_sta nco_sin_gen -c nco_sin_gen
quartus_eda --read_settings_files=off --write_settings_files=off nco_sin_gen -c nco_sin_gen



